[debug] [2019-05-08T09:37:38.277Z] ----------------------------------------------------------------------
[debug] [2019-05-08T09:37:38.280Z] Command:       C:\Program Files\nodejs\node.exe C:\Users\pedro.sanchezmartine\AppData\Roaming\npm\node_modules\firebase-tools\lib\bin\firebase.js serve
[debug] [2019-05-08T09:37:38.281Z] CLI Version:   6.3.1
[debug] [2019-05-08T09:37:38.281Z] Platform:      win32
[debug] [2019-05-08T09:37:38.281Z] Node Version:  v11.10.1
[debug] [2019-05-08T09:37:38.282Z] Time:          Wed May 08 2019 11:37:38 GMT+0200 (GMT+02:00)
[debug] [2019-05-08T09:37:38.282Z] ----------------------------------------------------------------------
[debug] 
[debug] [2019-05-08T09:37:38.297Z] > command requires scopes: ["email","openid","https://www.googleapis.com/auth/cloudplatformprojects.readonly","https://www.googleapis.com/auth/firebase","https://www.googleapis.com/auth/cloud-platform"]
[debug] [2019-05-08T09:37:38.299Z] > authorizing via signed-in user
[debug] [2019-05-08T09:37:38.299Z] [iam] checking project mycityis-9898d for permissions ["firebase.projects.get"]
[debug] [2019-05-08T09:37:38.301Z] >>> HTTP REQUEST POST https://cloudresourcemanager.googleapis.com/v1/projects/mycityis-9898d:testIamPermissions  

[debug] [2019-05-08T09:37:39.495Z] <<< HTTP RESPONSE 200
[debug] [2019-05-08T09:37:39.501Z] >>> HTTP REQUEST GET https://cloudresourcemanager.googleapis.com/v1/projects/mycityis-9898d  
 
[debug] [2019-05-08T09:37:40.480Z] <<< HTTP RESPONSE 200
[info] 
[info] === Serving from 'C:\Users\pedro.sanchezmartine\Desktop\MyCityIs\MyCityIs'...
[info] 
[debug] [2019-05-08T09:37:40.483Z] >>> HTTP REQUEST GET https://mobilesdk-pa.googleapis.com/v1/projects/280025611534/clients/_:getWebAppConfig  
 
[debug] [2019-05-08T09:37:41.071Z] <<< HTTP RESPONSE 200
[info] i  hosting: Serving hosting files from: public
[info] +  hosting: Local server: http://localhost:5000
